<?xml version="1.0" encoding="UTF-8"?>
<!-- Generated by org.testng.reporters.JUnitXMLReporter -->
<testsuite ignored="0" hostname="LAPTOP-BIM2FR3V" failures="0" tests="4" name="Test" time="39.223" errors="0" timestamp="2025-01-10T06:22:26 IST">
  <testcase classname="testScenarios.MouseHover" name="dragAnddrop" time="7.09"/>
  <testcase classname="testScenarios.SwitchingWin" name="switchwin" time="11.944"/>
  <testcase classname="testScenarios.DynDataHand" name="DynData" time="7.431"/>
  <testcase classname="testScenarios.HandChkBoxRadBtns" name="chkRadBtns" time="12.693"/>
</testsuite> <!-- Test -->
