<?xml version="1.0" encoding="UTF-8"?>
<!-- Generated by org.testng.reporters.JUnitXMLReporter -->
<testsuite ignored="0" hostname="LAPTOP-BIM2FR3V" failures="0" tests="4" name="Test" time="37.667" errors="0" timestamp="2025-01-11T06:48:01 IST">
  <testcase classname="testScenarios.MouseHover" name="dragAnddrop" time="5.612"/>
  <testcase classname="testScenarios.SwitchingWin" name="switchwin" time="10.925"/>
  <testcase classname="testScenarios.DynDataHand" name="DynData" time="7.254"/>
  <testcase classname="testScenarios.HandChkBoxRadBtns" name="chkRadBtns" time="13.813"/>
</testsuite> <!-- Test -->
