<?xml version="1.0" encoding="UTF-8"?>
<testng-results ignored="0" total="4" passed="4" failed="0" skipped="0">
  <reporter-output>
  </reporter-output>
  <suite started-at="2025-01-11T06:47:23 IST" name="Suite" finished-at="2025-01-11T06:48:01 IST" duration-ms="37667">
    <groups>
    </groups>
    <test started-at="2025-01-11T06:47:23 IST" name="Test" finished-at="2025-01-11T06:48:01 IST" duration-ms="37667">
      <class name="testScenarios.MouseHover">
        <test-method signature="dragAnddrop()[pri:0, instance:testScenarios.MouseHover@4f209819]" started-at="2025-01-11T06:47:23 IST" name="dragAnddrop" finished-at="2025-01-11T06:47:29 IST" duration-ms="5612" status="PASS">
          <reporter-output>
          </reporter-output>
        </test-method> <!-- dragAnddrop -->
      </class> <!-- testScenarios.MouseHover -->
      <class name="testScenarios.DynDataHand">
        <test-method signature="DynData()[pri:0, instance:testScenarios.DynDataHand@481a996b]" started-at="2025-01-11T06:47:40 IST" name="DynData" finished-at="2025-01-11T06:47:47 IST" duration-ms="7254" status="PASS">
          <reporter-output>
          </reporter-output>
        </test-method> <!-- DynData -->
      </class> <!-- testScenarios.DynDataHand -->
      <class name="testScenarios.SwitchingWin">
        <test-method signature="switchwin()[pri:0, instance:testScenarios.SwitchingWin@27ce24aa]" started-at="2025-01-11T06:47:29 IST" name="switchwin" finished-at="2025-01-11T06:47:40 IST" duration-ms="10925" status="PASS">
          <reporter-output>
          </reporter-output>
        </test-method> <!-- switchwin -->
      </class> <!-- testScenarios.SwitchingWin -->
      <class name="testScenarios.HandChkBoxRadBtns">
        <test-method signature="chkRadBtns()[pri:0, instance:testScenarios.HandChkBoxRadBtns@3d51f06e]" started-at="2025-01-11T06:47:47 IST" name="chkRadBtns" finished-at="2025-01-11T06:48:01 IST" duration-ms="13813" status="PASS">
          <reporter-output>
          </reporter-output>
        </test-method> <!-- chkRadBtns -->
      </class> <!-- testScenarios.HandChkBoxRadBtns -->
    </test> <!-- Test -->
  </suite> <!-- Suite -->
</testng-results>
