<?xml version="1.0" encoding="UTF-8"?>
<testsuite xmlns:xsi="http://www.w3.org/2001/XMLSchema-instance" xsi:noNamespaceSchemaLocation="https://maven.apache.org/surefire/maven-surefire-plugin/xsd/surefire-test-report.xsd" version="3.0.1" name="TestSuite" time="38.542" tests="4" errors="0" skipped="0" failures="0">
  <properties>
[...]
</properties>
  <testcase name="dragAnddrop" classname="testScenarios.MouseHover" time="5.615">
    <system-err><![CDATA[SLF4J: Failed to load class "org.slf4j.impl.StaticLoggerBinder".
SLF4J: Defaulting to no-operation (NOP) logger implementation
SLF4J: See http://www.slf4j.org/codes.html#StaticLoggerBinder for further details.
]]></system-err>
  </testcase>
  <testcase name="switchwin" classname="testScenarios.SwitchingWin" time="10.923">
    <system-out><![CDATA[total windows opened=2
Window1 id=4E03AB3900837ABF5CE912180674F3BB
Window2 id=F395C8FD77D825D1780CB4F79078424C
Window1 title=W3Schools Tryit Editor
Window2 title=W3Schools Online Web Tutorials
true
Object is enabled..
]]></system-out>
  </testcase>
  <testcase name="DynData" classname="testScenarios.DynDataHand" time="7.253">
    <system-out><![CDATA[What is 1 + 7
1	7
8
true
Entered value is correct...
What is 0 + 8
0	8
8
true
Entered value is correct...
What is 0 + 8
0	8
8
true
Entered value is correct...
]]></system-out>
  </testcase>
  <testcase name="chkRadBtns" classname="testScenarios.HandChkBoxRadBtns" time="13.813">
    <system-out><![CDATA[Radio button Honda is selected..
BMW and Benz are checked..
]]></system-out>
  </testcase>
</testsuite>