<?xml version="1.0" encoding="UTF-8"?>
<testng-results ignored="0" total="4" passed="4" failed="0" skipped="0">
  <reporter-output>
  </reporter-output>
  <suite started-at="2025-01-10T06:21:47 IST" name="Suite" finished-at="2025-01-10T06:22:26 IST" duration-ms="39223">
    <groups>
    </groups>
    <test started-at="2025-01-10T06:21:47 IST" name="Test" finished-at="2025-01-10T06:22:26 IST" duration-ms="39223">
      <class name="testScenarios.MouseHover">
        <test-method signature="dragAnddrop()[pri:0, instance:testScenarios.MouseHover@647e447]" started-at="2025-01-10T06:21:47 IST" name="dragAnddrop" finished-at="2025-01-10T06:21:54 IST" duration-ms="7090" status="PASS">
          <reporter-output>
          </reporter-output>
        </test-method> <!-- dragAnddrop -->
      </class> <!-- testScenarios.MouseHover -->
      <class name="testScenarios.DynDataHand">
        <test-method signature="DynData()[pri:0, instance:testScenarios.DynDataHand@243c4f91]" started-at="2025-01-10T06:22:06 IST" name="DynData" finished-at="2025-01-10T06:22:13 IST" duration-ms="7431" status="PASS">
          <reporter-output>
          </reporter-output>
        </test-method> <!-- DynData -->
      </class> <!-- testScenarios.DynDataHand -->
      <class name="testScenarios.SwitchingWin">
        <test-method signature="switchwin()[pri:0, instance:testScenarios.SwitchingWin@2ef3eef9]" started-at="2025-01-10T06:21:54 IST" name="switchwin" finished-at="2025-01-10T06:22:06 IST" duration-ms="11944" status="PASS">
          <reporter-output>
          </reporter-output>
        </test-method> <!-- switchwin -->
      </class> <!-- testScenarios.SwitchingWin -->
      <class name="testScenarios.HandChkBoxRadBtns">
        <test-method signature="chkRadBtns()[pri:0, instance:testScenarios.HandChkBoxRadBtns@291ae]" started-at="2025-01-10T06:22:13 IST" name="chkRadBtns" finished-at="2025-01-10T06:22:26 IST" duration-ms="12693" status="PASS">
          <reporter-output>
          </reporter-output>
        </test-method> <!-- chkRadBtns -->
      </class> <!-- testScenarios.HandChkBoxRadBtns -->
    </test> <!-- Test -->
  </suite> <!-- Suite -->
</testng-results>
